#
# There is insufficient memory for the Java Runtime Environment to continue.
# Native memory allocation (malloc) failed to allocate 32744 bytes. Error detail: Chunk::new
# Possible reasons:
#   The system is out of physical RAM or swap space
#   This process is running with CompressedOops enabled, and the Java Heap may be blocking the growth of the native heap
# Possible solutions:
#   Reduce memory load on the system
#   Increase physical memory or swap space
#   Check if swap backing store is full
#   Decrease Java heap size (-Xmx/-Xms)
#   Decrease number of Java threads
#   Decrease Java thread stack sizes (-Xss)
#   Set larger code cache with -XX:ReservedCodeCacheSize=
#   JVM is running with Unscaled Compressed Oops mode in which the Java heap is
#     placed in the first 4GB address space. The Java Heap base address is the
#     maximum limit for the native heap growth. Please use -XX:HeapBaseMinAddress
#     to set the Java Heap base and to place the Java Heap above 4GB virtual address.
# This output file may be truncated or incomplete.
#
#  Out of Memory Error (arena.cpp:168), pid=10304, tid=15080
#
# JRE version: OpenJDK Runtime Environment Temurin-21.0.7+6 (21.0.7+6) (build 21.0.7+6-LTS)
# Java VM: OpenJDK 64-Bit Server VM Temurin-21.0.7+6 (21.0.7+6-LTS, mixed mode, sharing, tiered, compressed oops, compressed class ptrs, g1 gc, windows-amd64)
# No core dump will be written. Minidumps are not enabled by default on client versions of Windows
#

---------------  S U M M A R Y ------------

Command Line: -Dstdout.encoding=UTF-8 -Dstderr.encoding=UTF-8 --add-modules=javafx.controls,javafx.fxml --module-path=path/to/javafx-sdk-17/lib --add-modules=javafx.controls,javafx.fxml --module-path=C:\Users\acer\.gradle\caches\modules-2\files-2.1\org.openjfx\javafx-fxml\17\8d79ed85fa9dde644d4b37d93a02a2ef2818769\javafx-fxml-17-win.jar;C:\Users\acer\.gradle\caches\modules-2\files-2.1\org.openjfx\javafx-controls\17\efc0f4edde079c22987064922530c67fa1350a9b\javafx-controls-17-win.jar;C:\Users\acer\.gradle\caches\modules-2\files-2.1\org.openjfx\javafx-graphics\17\2c56d252b97eba8b42f049c6ce145172d744ce08\javafx-graphics-17-win.jar;C:\Users\acer\.gradle\caches\modules-2\files-2.1\org.openjfx\javafx-base\17\b63b9696f73009ca5002f49ec4db73576e2de168\javafx-base-17-win.jar -Dfile.encoding=UTF-8 -Duser.country=US -Duser.language=en -Duser.variant com.zakatfitrah.App

Host: AMD Ryzen 3 3250U with Radeon Graphics         , 4 cores, 3G,  Windows 11 , 64 bit Build 27802 (10.0.27802.1000)
Time: Sun May 11 03:12:02 2025 SE Asia Standard Time elapsed time: 12.802642 seconds (0d 0h 0m 12s)

---------------  T H R E A D  ---------------

Current thread (0x0000008013374fa0):  JavaThread "C1 CompilerThread0" daemon [_thread_in_native, id=15080, stack(0x0000008013d20000,0x0000008013e20000) (1024K)]


Current CompileTask:
C1:12802  829       3       java.lang.ProcessEnvironment$NameComparator::compare (90 bytes)

Stack: [0x0000008013d20000,0x0000008013e20000]
Native frames: (J=compiled Java code, j=interpreted, Vv=VM code, C=native code)
V  [jvm.dll+0x6ce119]
V  [jvm.dll+0x8a84a1]
V  [jvm.dll+0x8aa9ce]
V  [jvm.dll+0x8ab0b3]
V  [jvm.dll+0x27f8a6]
V  [jvm.dll+0xc507d]
V  [jvm.dll+0xc55b3]
V  [jvm.dll+0x6ba403]
V  [jvm.dll+0x1690fc]
V  [jvm.dll+0x16f347]
V  [jvm.dll+0x151425]
V  [jvm.dll+0x1704f2]
V  [jvm.dll+0x153688]
V  [jvm.dll+0x153126]
V  [jvm.dll+0x153304]
V  [jvm.dll+0x152736]
V  [jvm.dll+0x15450d]
V  [jvm.dll+0x25695a]
V  [jvm.dll+0x254efa]
V  [jvm.dll+0x3f03f6]
V  [jvm.dll+0x851f6b]
V  [jvm.dll+0x6cc7dd]
C  [ucrtbase.dll+0x8cef0]
C  [KERNEL32.DLL+0x364a7]
C  [ntdll.dll+0x46730]


---------------  P R O C E S S  ---------------

Threads class SMR info:
_java_thread_list=0x00000080592dd250, length=14, elements={
0x0000008000148d10, 0x0000008013366720, 0x0000008013369ea0, 0x000000801336c140,
0x000000801336cb90, 0x00000080133705e0, 0x0000008013371030, 0x0000008013371db0,
0x0000008013374fa0, 0x000000801333cf10, 0x0000008059836c50, 0x00000080597290d0,
0x00000080590c8cc0, 0x00000080598ead90
}

Java Threads: ( => current thread )
  0x0000008000148d10 JavaThread "main"                              [_thread_blocked, id=7072, stack(0x00000080007f0000,0x00000080008f0000) (1024K)]
  0x0000008013366720 JavaThread "Reference Handler"          daemon [_thread_blocked, id=24468, stack(0x0000008013620000,0x0000008013720000) (1024K)]
  0x0000008013369ea0 JavaThread "Finalizer"                  daemon [_thread_blocked, id=15196, stack(0x0000008013720000,0x0000008013820000) (1024K)]
  0x000000801336c140 JavaThread "Signal Dispatcher"          daemon [_thread_blocked, id=23564, stack(0x0000008013820000,0x0000008013920000) (1024K)]
  0x000000801336cb90 JavaThread "Attach Listener"            daemon [_thread_blocked, id=18528, stack(0x0000008013920000,0x0000008013a20000) (1024K)]
  0x00000080133705e0 JavaThread "Service Thread"             daemon [_thread_blocked, id=21160, stack(0x0000008013a20000,0x0000008013b20000) (1024K)]
  0x0000008013371030 JavaThread "Monitor Deflation Thread"   daemon [_thread_blocked, id=15808, stack(0x0000008013b20000,0x0000008013c20000) (1024K)]
  0x0000008013371db0 JavaThread "C2 CompilerThread0"         daemon [_thread_blocked, id=2044, stack(0x0000008013c20000,0x0000008013d20000) (1024K)]
=>0x0000008013374fa0 JavaThread "C1 CompilerThread0"         daemon [_thread_in_native, id=15080, stack(0x0000008013d20000,0x0000008013e20000) (1024K)]
  0x000000801333cf10 JavaThread "Common-Cleaner"             daemon [_thread_blocked, id=20924, stack(0x0000008013e20000,0x0000008013f20000) (1024K)]
  0x0000008059836c50 JavaThread "Notification Thread"        daemon [_thread_blocked, id=5280, stack(0x0000008059c00000,0x0000008059d00000) (1024K)]
  0x00000080597290d0 JavaThread "QuantumRenderer-0"          daemon [_thread_blocked, id=1336, stack(0x000000805a000000,0x000000805a100000) (1024K)]
  0x00000080590c8cc0 JavaThread "InvokeLaterDispatcher"      daemon [_thread_new, id=18804, stack(0x0000000000000000,0x0000000000000000) (0B)]
  0x00000080598ead90 JavaThread "WindowsNativeRunloopThread"        [_thread_new, id=18788, stack(0x0000000000000000,0x0000000000000000) (0B)]
Total: 14

Other Threads:
  0x000000801334c900 VMThread "VM Thread"                           [id=21340, stack(0x0000008013520000,0x0000008013620000) (1024K)]
  0x00000080009ee860 WatcherThread "VM Periodic Task Thread"        [id=12472, stack(0x0000008013420000,0x0000008013520000) (1024K)]
  0x0000008000975d90 WorkerThread "GC Thread#0"                     [id=20728, stack(0x0000008010d20000,0x0000008010e20000) (1024K)]
  0x0000008059884000 WorkerThread "GC Thread#1"                     [id=20632, stack(0x0000008059d00000,0x0000008059e00000) (1024K)]
  0x00000080598f8170 WorkerThread "GC Thread#2"                     [id=3068, stack(0x0000008059e00000,0x0000008059f00000) (1024K)]
  0x00000080598f8510 WorkerThread "GC Thread#3"                     [id=21616, stack(0x0000008059f00000,0x000000805a000000) (1024K)]
  0x000000800097dac0 ConcurrentGCThread "G1 Main Marker"            [id=19072, stack(0x0000008010e20000,0x0000008010f20000) (1024K)]
  0x000000800097e4d0 WorkerThread "G1 Conc#0"                       [id=3808, stack(0x0000008010f20000,0x0000008011020000) (1024K)]
  0x00000080009d8410 ConcurrentGCThread "G1 Refine#0"               [id=5832, stack(0x0000008013020000,0x0000008013120000) (1024K)]
  0x00000080009dac40 ConcurrentGCThread "G1 Service"                [id=17336, stack(0x0000008013120000,0x0000008013220000) (1024K)]
Total: 10

Threads with active compile tasks:
C1 CompilerThread0  13951  829       3       java.lang.ProcessEnvironment$NameComparator::compare (90 bytes)
Total: 1

VM state: not at safepoint (normal execution)

VM Mutex/Monitor currently owned by a thread: None

Heap address: 0x00000000c8e00000, size: 882 MB, Compressed Oops mode: 32-bit

CDS archive(s) mapped at: [0x0000008014000000-0x0000008014c80000-0x0000008014c80000), size 13107200, SharedBaseAddress: 0x0000008014000000, ArchiveRelocationMode: 1.
Compressed class space mapped at: 0x0000008015000000-0x0000008055000000, reserved size: 1073741824
Narrow klass base: 0x0000008014000000, Narrow klass shift: 0, Narrow klass range: 0x100000000

GC Precious Log:
 CardTable entry size: 512
 Card Set container configuration: InlinePtr #cards 5 size 8 Array Of Cards #cards 12 size 40 Howl #buckets 4 coarsen threshold 1843 Howl Bitmap #cards 512 size 80 coarsen threshold 460 Card regions per heap region 1 cards per card region 2048
 CPUs: 4 total, 4 available
 Memory: 3521M
 Large Page Support: Disabled
 NUMA Support: Disabled
 Compressed Oops: Enabled (32-bit)
 Heap Region Size: 1M
 Heap Min Capacity: 8M
 Heap Initial Capacity: 56M
 Heap Max Capacity: 882M
 Pre-touch: Disabled
 Parallel Workers: 4
 Concurrent Workers: 1
 Concurrent Refinement Workers: 4
 Periodic GC: Disabled

Heap:
 garbage-first heap   total 57344K, used 3728K [0x00000000c8e00000, 0x0000000100000000)
  region size 1024K, 5 young (5120K), 2 survivors (2048K)
 Metaspace       used 2677K, committed 2880K, reserved 1114112K
  class space    used 275K, committed 384K, reserved 1048576K

Heap Regions: E=young(eden), S=young(survivor), O=old, HS=humongous(starts), HC=humongous(continues), CS=collection set, F=free, TAMS=top-at-mark-start, PB=parsable bottom
|   0|0x00000000c8e00000, 0x00000000c8e00000, 0x00000000c8f00000|  0%| F|  |TAMS 0x00000000c8e00000| PB 0x00000000c8e00000| Untracked 
|   1|0x00000000c8f00000, 0x00000000c8f00000, 0x00000000c9000000|  0%| F|  |TAMS 0x00000000c8f00000| PB 0x00000000c8f00000| Untracked 
|   2|0x00000000c9000000, 0x00000000c9000000, 0x00000000c9100000|  0%| F|  |TAMS 0x00000000c9000000| PB 0x00000000c9000000| Untracked 
|   3|0x00000000c9100000, 0x00000000c9100000, 0x00000000c9200000|  0%| F|  |TAMS 0x00000000c9100000| PB 0x00000000c9100000| Untracked 
|   4|0x00000000c9200000, 0x00000000c9200000, 0x00000000c9300000|  0%| F|  |TAMS 0x00000000c9200000| PB 0x00000000c9200000| Untracked 
|   5|0x00000000c9300000, 0x00000000c9300000, 0x00000000c9400000|  0%| F|  |TAMS 0x00000000c9300000| PB 0x00000000c9300000| Untracked 
|   6|0x00000000c9400000, 0x00000000c9400000, 0x00000000c9500000|  0%| F|  |TAMS 0x00000000c9400000| PB 0x00000000c9400000| Untracked 
|   7|0x00000000c9500000, 0x00000000c9500000, 0x00000000c9600000|  0%| F|  |TAMS 0x00000000c9500000| PB 0x00000000c9500000| Untracked 
|   8|0x00000000c9600000, 0x00000000c9600000, 0x00000000c9700000|  0%| F|  |TAMS 0x00000000c9600000| PB 0x00000000c9600000| Untracked 
|   9|0x00000000c9700000, 0x00000000c9700000, 0x00000000c9800000|  0%| F|  |TAMS 0x00000000c9700000| PB 0x00000000c9700000| Untracked 
|  10|0x00000000c9800000, 0x00000000c9800000, 0x00000000c9900000|  0%| F|  |TAMS 0x00000000c9800000| PB 0x00000000c9800000| Untracked 
|  11|0x00000000c9900000, 0x00000000c9900000, 0x00000000c9a00000|  0%| F|  |TAMS 0x00000000c9900000| PB 0x00000000c9900000| Untracked 
|  12|0x00000000c9a00000, 0x00000000c9a00000, 0x00000000c9b00000|  0%| F|  |TAMS 0x00000000c9a00000| PB 0x00000000c9a00000| Untracked 
|  13|0x00000000c9b00000, 0x00000000c9b00000, 0x00000000c9c00000|  0%| F|  |TAMS 0x00000000c9b00000| PB 0x00000000c9b00000| Untracked 
|  14|0x00000000c9c00000, 0x00000000c9c00000, 0x00000000c9d00000|  0%| F|  |TAMS 0x00000000c9c00000| PB 0x00000000c9c00000| Untracked 
|  15|0x00000000c9d00000, 0x00000000c9d00000, 0x00000000c9e00000|  0%| F|  |TAMS 0x00000000c9d00000| PB 0x00000000c9d00000| Untracked 
|  16|0x00000000c9e00000, 0x00000000c9e00000, 0x00000000c9f00000|  0%| F|  |TAMS 0x00000000c9e00000| PB 0x00000000c9e00000| Untracked 
|  17|0x00000000c9f00000, 0x00000000c9f00000, 0x00000000ca000000|  0%| F|  |TAMS 0x00000000c9f00000| PB 0x00000000c9f00000| Untracked 
|  18|0x00000000ca000000, 0x00000000ca000000, 0x00000000ca100000|  0%| F|  |TAMS 0x00000000ca000000| PB 0x00000000ca000000| Untracked 
|  19|0x00000000ca100000, 0x00000000ca100000, 0x00000000ca200000|  0%| F|  |TAMS 0x00000000ca100000| PB 0x00000000ca100000| Untracked 
|  20|0x00000000ca200000, 0x00000000ca200000, 0x00000000ca300000|  0%| F|  |TAMS 0x00000000ca200000| PB 0x00000000ca200000| Untracked 
|  21|0x00000000ca300000, 0x00000000ca300000, 0x00000000ca400000|  0%| F|  |TAMS 0x00000000ca300000| PB 0x00000000ca300000| Untracked 
|  22|0x00000000ca400000, 0x00000000ca400000, 0x00000000ca500000|  0%| F|  |TAMS 0x00000000ca400000| PB 0x00000000ca400000| Untracked 
|  23|0x00000000ca500000, 0x00000000ca500000, 0x00000000ca600000|  0%| F|  |TAMS 0x00000000ca500000| PB 0x00000000ca500000| Untracked 
|  24|0x00000000ca600000, 0x00000000ca600000, 0x00000000ca700000|  0%| F|  |TAMS 0x00000000ca600000| PB 0x00000000ca600000| Untracked 
|  25|0x00000000ca700000, 0x00000000ca700000, 0x00000000ca800000|  0%| F|  |TAMS 0x00000000ca700000| PB 0x00000000ca700000| Untracked 
|  26|0x00000000ca800000, 0x00000000ca800000, 0x00000000ca900000|  0%| F|  |TAMS 0x00000000ca800000| PB 0x00000000ca800000| Untracked 
|  27|0x00000000ca900000, 0x00000000ca900000, 0x00000000caa00000|  0%| F|  |TAMS 0x00000000ca900000| PB 0x00000000ca900000| Untracked 
|  28|0x00000000caa00000, 0x00000000caa00000, 0x00000000cab00000|  0%| F|  |TAMS 0x00000000caa00000| PB 0x00000000caa00000| Untracked 
|  29|0x00000000cab00000, 0x00000000cab00000, 0x00000000cac00000|  0%| F|  |TAMS 0x00000000cab00000| PB 0x00000000cab00000| Untracked 
|  30|0x00000000cac00000, 0x00000000cac00000, 0x00000000cad00000|  0%| F|  |TAMS 0x00000000cac00000| PB 0x00000000cac00000| Untracked 
|  31|0x00000000cad00000, 0x00000000cad00000, 0x00000000cae00000|  0%| F|  |TAMS 0x00000000cad00000| PB 0x00000000cad00000| Untracked 
|  32|0x00000000cae00000, 0x00000000cae00000, 0x00000000caf00000|  0%| F|  |TAMS 0x00000000cae00000| PB 0x00000000cae00000| Untracked 
|  33|0x00000000caf00000, 0x00000000caf00000, 0x00000000cb000000|  0%| F|  |TAMS 0x00000000caf00000| PB 0x00000000caf00000| Untracked 
|  34|0x00000000cb000000, 0x00000000cb000000, 0x00000000cb100000|  0%| F|  |TAMS 0x00000000cb000000| PB 0x00000000cb000000| Untracked 
|  35|0x00000000cb100000, 0x00000000cb100000, 0x00000000cb200000|  0%| F|  |TAMS 0x00000000cb100000| PB 0x00000000cb100000| Untracked 
|  36|0x00000000cb200000, 0x00000000cb200000, 0x00000000cb300000|  0%| F|  |TAMS 0x00000000cb200000| PB 0x00000000cb200000| Untracked 
|  37|0x00000000cb300000, 0x00000000cb300000, 0x00000000cb400000|  0%| F|  |TAMS 0x00000000cb300000| PB 0x00000000cb300000| Untracked 
|  38|0x00000000cb400000, 0x00000000cb400000, 0x00000000cb500000|  0%| F|  |TAMS 0x00000000cb400000| PB 0x00000000cb400000| Untracked 
|  39|0x00000000cb500000, 0x00000000cb500000, 0x00000000cb600000|  0%| F|  |TAMS 0x00000000cb500000| PB 0x00000000cb500000| Untracked 
|  40|0x00000000cb600000, 0x00000000cb600000, 0x00000000cb700000|  0%| F|  |TAMS 0x00000000cb600000| PB 0x00000000cb600000| Untracked 
|  41|0x00000000cb700000, 0x00000000cb7a4010, 0x00000000cb800000| 64%| S|CS|TAMS 0x00000000cb700000| PB 0x00000000cb700000| Complete 
|  42|0x00000000cb800000, 0x00000000cb900000, 0x00000000cb900000|100%| S|CS|TAMS 0x00000000cb800000| PB 0x00000000cb800000| Complete 
|  43|0x00000000cb900000, 0x00000000cb900000, 0x00000000cba00000|  0%| F|  |TAMS 0x00000000cb900000| PB 0x00000000cb900000| Untracked 
|  44|0x00000000cba00000, 0x00000000cba00000, 0x00000000cbb00000|  0%| F|  |TAMS 0x00000000cba00000| PB 0x00000000cba00000| Untracked 
|  45|0x00000000cbb00000, 0x00000000cbb00000, 0x00000000cbc00000|  0%| F|  |TAMS 0x00000000cbb00000| PB 0x00000000cbb00000| Untracked 
|  46|0x00000000cbc00000, 0x00000000cbc00000, 0x00000000cbd00000|  0%| F|  |TAMS 0x00000000cbc00000| PB 0x00000000cbc00000| Untracked 
|  47|0x00000000cbd00000, 0x00000000cbd00000, 0x00000000cbe00000|  0%| F|  |TAMS 0x00000000cbd00000| PB 0x00000000cbd00000| Untracked 
|  48|0x00000000cbe00000, 0x00000000cbe00000, 0x00000000cbf00000|  0%| F|  |TAMS 0x00000000cbe00000| PB 0x00000000cbe00000| Untracked 
|  49|0x00000000cbf00000, 0x00000000cbf00000, 0x00000000cc000000|  0%| F|  |TAMS 0x00000000cbf00000| PB 0x00000000cbf00000| Untracked 
|  50|0x00000000cc000000, 0x00000000cc000000, 0x00000000cc100000|  0%| F|  |TAMS 0x00000000cc000000| PB 0x00000000cc000000| Untracked 
|  51|0x00000000cc100000, 0x00000000cc100000, 0x00000000cc200000|  0%| F|  |TAMS 0x00000000cc100000| PB 0x00000000cc100000| Untracked 
|  52|0x00000000cc200000, 0x00000000cc200000, 0x00000000cc300000|  0%| F|  |TAMS 0x00000000cc200000| PB 0x00000000cc200000| Untracked 
|  53|0x00000000cc300000, 0x00000000cc3c7110, 0x00000000cc400000| 77%| E|  |TAMS 0x00000000cc300000| PB 0x00000000cc300000| Complete 
|  54|0x00000000cc400000, 0x00000000cc500000, 0x00000000cc500000|100%| E|CS|TAMS 0x00000000cc400000| PB 0x00000000cc400000| Complete 
|  55|0x00000000cc500000, 0x00000000cc600000, 0x00000000cc600000|100%| E|CS|TAMS 0x00000000cc500000| PB 0x00000000cc500000| Complete 

Card table byte_map: [0x000000800fd90000,0x000000800ff50000] _byte_map_base: 0x000000800f749000

Marking Bits: (CMBitMap*) 0x00000080009763a0
 Bits: [0x000000800ff50000, 0x0000008010d18000)

Polling page: 0x0000008000740000

Metaspace:

Usage:
  Non-class:      2.35 MB used.
      Class:    275.61 KB used.
       Both:      2.61 MB used.

Virtual space:
  Non-class space:       64.00 MB reserved,       2.44 MB (  4%) committed,  1 nodes.
      Class space:        1.00 GB reserved,     384.00 KB ( <1%) committed,  1 nodes.
             Both:        1.06 GB reserved,       2.81 MB ( <1%) committed. 

Chunk freelists:
   Non-Class:  10.91 MB
       Class:  15.56 MB
        Both:  26.47 MB

MaxMetaspaceSize: unlimited
CompressedClassSpaceSize: 1.00 GB
Initial GC threshold: 21.00 MB
Current GC threshold: 21.00 MB
CDS: on
 - commit_granule_bytes: 65536.
 - commit_granule_words: 8192.
 - virtual_space_node_default_size: 8388608.
 - enlarge_chunks_in_place: 1.
 - use_allocation_guard: 0.


Internal statistics:

num_allocs_failed_limit: 0.
num_arena_births: 104.
num_arena_deaths: 0.
num_vsnodes_births: 2.
num_vsnodes_deaths: 0.
num_space_committed: 45.
num_space_uncommitted: 0.
num_chunks_returned_to_freelist: 0.
num_chunks_taken_from_freelist: 180.
num_chunk_merges: 0.
num_chunk_splits: 115.
num_chunks_enlarged: 67.
num_inconsistent_stats: 0.

CodeHeap 'non-profiled nmethods': size=120000Kb used=293Kb max_used=293Kb free=119707Kb
 bounds [0x00000080084c0000, 0x0000008008730000, 0x000000800f9f0000]
CodeHeap 'profiled nmethods': size=120000Kb used=1212Kb max_used=1212Kb free=118787Kb
 bounds [0x00000080009f0000, 0x0000008000c60000, 0x0000008007f20000]
CodeHeap 'non-nmethods': size=5760Kb used=1350Kb max_used=1366Kb free=4410Kb
 bounds [0x0000008007f20000, 0x0000008008190000, 0x00000080084c0000]
 total_blobs=1286 nmethods=830 adapters=361
 compilation: enabled
              stopped_count=0, restarted_count=0
 full_count=0

Compilation events (20 events):
Event: 10.680 Thread 0x0000008013374fa0 nmethod 818 0x0000008000b1b090 code [0x0000008000b1b260, 0x0000008000b1b550]
Event: 10.680 Thread 0x0000008013374fa0  819       3       java.lang.ClassLoader::findLoadedClass (15 bytes)
Event: 10.680 Thread 0x0000008013374fa0 nmethod 819 0x0000008000b1b690 code [0x0000008000b1b860, 0x0000008000b1ba48]
Event: 10.680 Thread 0x0000008013374fa0  820   !   3       jdk.internal.loader.BuiltinClassLoader::loadClassOrNull (143 bytes)
Event: 10.682 Thread 0x0000008013371db0 nmethod 817 0x0000008008506b90 code [0x0000008008506d20, 0x0000008008506ef8]
Event: 10.683 Thread 0x0000008013374fa0 nmethod 820 0x0000008000b1bb10 code [0x0000008000b1bde0, 0x0000008000b1cd00]
Event: 10.683 Thread 0x0000008013374fa0  821       3       java.lang.ClassLoader::loadClass (7 bytes)
Event: 10.683 Thread 0x0000008013374fa0 nmethod 821 0x0000008000b1d310 code [0x0000008000b1d4c0, 0x0000008000b1d698]
Event: 10.683 Thread 0x0000008013374fa0  822       3       jdk.internal.loader.ClassLoaders$AppClassLoader::loadClass (40 bytes)
Event: 10.684 Thread 0x0000008013374fa0 nmethod 822 0x0000008000b1d710 code [0x0000008000b1d900, 0x0000008000b1dd00]
Event: 10.755 Thread 0x0000008013371db0  823       4       java.util.HashMap::putVal (300 bytes)
Event: 10.778 Thread 0x0000008013374fa0  824       3       java.util.TreeMap::parentOf (13 bytes)
Event: 10.778 Thread 0x0000008013374fa0 nmethod 824 0x0000008000b1de90 code [0x0000008000b1e040, 0x0000008000b1e1a8]
Event: 10.778 Thread 0x0000008013374fa0  825       3       java.lang.Character::toUpperCase (6 bytes)
Event: 10.779 Thread 0x0000008013374fa0 nmethod 825 0x0000008000b1e290 code [0x0000008000b1e460, 0x0000008000b1e6b8]
Event: 10.779 Thread 0x0000008013374fa0  830       3       java.util.HashSet::contains (9 bytes)
Event: 10.779 Thread 0x0000008013374fa0 nmethod 830 0x0000008000b1e790 code [0x0000008000b1e940, 0x0000008000b1eb18]
Event: 10.779 Thread 0x0000008013374fa0  826       3       java.lang.Character::toUpperCase (9 bytes)
Event: 10.779 Thread 0x0000008013374fa0 nmethod 826 0x0000008000b1ec10 code [0x0000008000b1edc0, 0x0000008000b1efb8]
Event: 10.780 Thread 0x0000008013374fa0  829       3       java.lang.ProcessEnvironment$NameComparator::compare (90 bytes)

GC Heap History (2 events):
Event: 7.012 GC heap before
{Heap before GC invocations=0 (full 0):
 garbage-first heap   total 57344K, used 13312K [0x00000000c8e00000, 0x0000000100000000)
  region size 1024K, 13 young (13312K), 0 survivors (0K)
 Metaspace       used 1847K, committed 1984K, reserved 1114112K
  class space    used 189K, committed 256K, reserved 1048576K
}
Event: 7.428 GC heap after
{Heap after GC invocations=1 (full 0):
 garbage-first heap   total 57344K, used 1680K [0x00000000c8e00000, 0x0000000100000000)
  region size 1024K, 2 young (2048K), 2 survivors (2048K)
 Metaspace       used 1847K, committed 1984K, reserved 1114112K
  class space    used 189K, committed 256K, reserved 1048576K
}

Dll operation events (20 events):
Event: 6.261 Loaded shared library C:\Users\acer\.openjfx\cache\17\api-ms-win-crt-conio-l1-1-0.dll
Event: 6.276 Loaded shared library C:\Users\acer\.openjfx\cache\17\api-ms-win-crt-convert-l1-1-0.dll
Event: 6.290 Loaded shared library C:\Users\acer\.openjfx\cache\17\api-ms-win-crt-environment-l1-1-0.dll
Event: 6.336 Loaded shared library C:\Users\acer\.openjfx\cache\17\api-ms-win-crt-filesystem-l1-1-0.dll
Event: 6.346 Loaded shared library C:\Users\acer\.openjfx\cache\17\api-ms-win-crt-heap-l1-1-0.dll
Event: 6.358 Loaded shared library C:\Users\acer\.openjfx\cache\17\api-ms-win-crt-locale-l1-1-0.dll
Event: 6.374 Loaded shared library C:\Users\acer\.openjfx\cache\17\api-ms-win-crt-math-l1-1-0.dll
Event: 6.407 Loaded shared library C:\Users\acer\.openjfx\cache\17\api-ms-win-crt-multibyte-l1-1-0.dll
Event: 6.422 Loaded shared library C:\Users\acer\.openjfx\cache\17\api-ms-win-crt-private-l1-1-0.dll
Event: 6.436 Loaded shared library C:\Users\acer\.openjfx\cache\17\api-ms-win-crt-process-l1-1-0.dll
Event: 6.494 Loaded shared library C:\Users\acer\.openjfx\cache\17\api-ms-win-crt-runtime-l1-1-0.dll
Event: 6.507 Loaded shared library C:\Users\acer\.openjfx\cache\17\api-ms-win-crt-stdio-l1-1-0.dll
Event: 6.520 Loaded shared library C:\Users\acer\.openjfx\cache\17\api-ms-win-crt-string-l1-1-0.dll
Event: 6.556 Loaded shared library C:\Users\acer\.openjfx\cache\17\api-ms-win-crt-time-l1-1-0.dll
Event: 6.570 Loaded shared library C:\Users\acer\.openjfx\cache\17\api-ms-win-crt-utility-l1-1-0.dll
Event: 6.673 Loaded shared library C:\Users\acer\.openjfx\cache\17\ucrtbase.dll
Event: 6.713 Loaded shared library C:\Users\acer\.openjfx\cache\17\vcruntime140.dll
Event: 6.729 Loaded shared library C:\Users\acer\.openjfx\cache\17\vcruntime140_1.dll
Event: 6.795 Loaded shared library C:\Users\acer\.openjfx\cache\17\msvcp140.dll
Event: 7.828 Loaded shared library C:\Users\acer\.openjfx\cache\17\prism_d3d.dll

Deoptimization events (20 events):
Event: 3.918 Thread 0x0000008000148d10 DEOPT PACKING pc=0x00000080084df644 sp=0x00000080008ee660
Event: 3.918 Thread 0x0000008000148d10 DEOPT UNPACKING pc=0x0000008007f746a2 sp=0x00000080008ee5f0 mode 2
Event: 3.918 Thread 0x0000008000148d10 Uncommon trap: trap_request=0xffffffde fr.pc=0x00000080084df644 relative=0x0000000000000964
Event: 3.918 Thread 0x0000008000148d10 Uncommon trap: reason=class_check action=maybe_recompile pc=0x00000080084df644 method=java.util.HashMap.putVal(ILjava/lang/Object;Ljava/lang/Object;ZZ)Ljava/lang/Object; @ 152 c2
Event: 3.918 Thread 0x0000008000148d10 DEOPT PACKING pc=0x00000080084df644 sp=0x00000080008ee660
Event: 3.919 Thread 0x0000008000148d10 DEOPT UNPACKING pc=0x0000008007f746a2 sp=0x00000080008ee5f0 mode 2
Event: 3.919 Thread 0x0000008000148d10 Uncommon trap: trap_request=0xffffffde fr.pc=0x00000080084df644 relative=0x0000000000000964
Event: 3.919 Thread 0x0000008000148d10 Uncommon trap: reason=class_check action=maybe_recompile pc=0x00000080084df644 method=java.util.HashMap.putVal(ILjava/lang/Object;Ljava/lang/Object;ZZ)Ljava/lang/Object; @ 152 c2
Event: 3.919 Thread 0x0000008000148d10 DEOPT PACKING pc=0x00000080084df644 sp=0x00000080008ee660
Event: 3.919 Thread 0x0000008000148d10 DEOPT UNPACKING pc=0x0000008007f746a2 sp=0x00000080008ee5f0 mode 2
Event: 3.919 Thread 0x0000008000148d10 Uncommon trap: trap_request=0xffffffde fr.pc=0x00000080084df644 relative=0x0000000000000964
Event: 3.919 Thread 0x0000008000148d10 Uncommon trap: reason=class_check action=maybe_recompile pc=0x00000080084df644 method=java.util.HashMap.putVal(ILjava/lang/Object;Ljava/lang/Object;ZZ)Ljava/lang/Object; @ 152 c2
Event: 3.919 Thread 0x0000008000148d10 DEOPT PACKING pc=0x00000080084df644 sp=0x00000080008ee660
Event: 3.919 Thread 0x0000008000148d10 DEOPT UNPACKING pc=0x0000008007f746a2 sp=0x00000080008ee5f0 mode 2
Event: 6.636 Thread 0x0000008000148d10 DEOPT PACKING pc=0x0000008000ad76d7 sp=0x00000080008ee970
Event: 6.636 Thread 0x0000008000148d10 DEOPT UNPACKING pc=0x0000008007f74e42 sp=0x00000080008edd90 mode 0
Event: 6.641 Thread 0x0000008000148d10 DEOPT PACKING pc=0x0000008000ad76d7 sp=0x00000080008ee970
Event: 6.641 Thread 0x0000008000148d10 DEOPT UNPACKING pc=0x0000008007f74e42 sp=0x00000080008edd90 mode 0
Event: 6.687 Thread 0x0000008000148d10 DEOPT PACKING pc=0x0000008000ad1f57 sp=0x00000080008ee940
Event: 6.687 Thread 0x0000008000148d10 DEOPT UNPACKING pc=0x0000008007f74e42 sp=0x00000080008eddd8 mode 0

Classes loaded (20 events):
Event: 7.484 Loading class java/util/concurrent/Executors$DefaultThreadFactory
Event: 7.577 Loading class java/util/concurrent/Executors$DefaultThreadFactory done
Event: 7.585 Loading class java/util/concurrent/ThreadPoolExecutor$Worker
Event: 7.585 Loading class java/util/concurrent/ThreadPoolExecutor$Worker done
Event: 7.588 Loading class java/lang/Thread$ThreadNumbering
Event: 7.588 Loading class java/lang/Thread$ThreadNumbering done
Event: 7.609 Loading class java/util/concurrent/locks/AbstractQueuedSynchronizer$SharedNode
Event: 7.610 Loading class java/util/concurrent/locks/AbstractQueuedSynchronizer$SharedNode done
Event: 10.727 Loading class java/lang/ProcessEnvironment
Event: 10.746 Loading class java/lang/ProcessEnvironment done
Event: 10.749 Loading class java/lang/ProcessEnvironment$NameComparator
Event: 10.754 Loading class java/lang/ProcessEnvironment$NameComparator done
Event: 10.754 Loading class java/lang/ProcessEnvironment$EntryComparator
Event: 10.754 Loading class java/lang/ProcessEnvironment$EntryComparator done
Event: 10.755 Loading class java/lang/ProcessEnvironment$CheckedEntrySet
Event: 10.767 Loading class java/lang/ProcessEnvironment$CheckedEntrySet done
Event: 10.769 Loading class java/lang/ProcessEnvironment$CheckedEntrySet$1
Event: 10.776 Loading class java/lang/ProcessEnvironment$CheckedEntrySet$1 done
Event: 10.777 Loading class java/lang/ProcessEnvironment$CheckedEntry
Event: 10.777 Loading class java/lang/ProcessEnvironment$CheckedEntry done

Classes unloaded (0 events):
No events

Classes redefined (0 events):
No events

Internal exceptions (7 events):
Event: 2.513 Thread 0x0000008000148d10 Exception <a 'java/lang/NoSuchMethodError'{0x00000000cbff8e58}: 'void java.lang.invoke.DirectMethodHandle$Holder.invokeStatic(java.lang.Object, java.lang.Object, java.lang.Object, java.lang.Object)'> (0x00000000cbff8e58) 
thrown [s\src\hotspot\share\interpreter\linkResolver.cpp, line 773]
Event: 2.515 Thread 0x0000008000148d10 Exception <a 'java/lang/NoSuchMethodError'{0x00000000cbffced8}: 'void java.lang.invoke.DirectMethodHandle$Holder.invokeSpecial(java.lang.Object, java.lang.Object, java.lang.Object, java.lang.Object, java.lang.Object)'> (0x00000000cbffced8) 
thrown [s\src\hotspot\share\interpreter\linkResolver.cpp, line 773]
Event: 2.525 Thread 0x0000008000148d10 Exception <a 'java/lang/NoSuchMethodError'{0x00000000cbe14b68}: 'java.lang.Object java.lang.invoke.Invokers$Holder.invokeExact_MT(java.lang.Object, java.lang.Object, java.lang.Object, java.lang.Object, java.lang.Object, java.lang.Object)'> (0x00000000cbe14b68) 
thrown [s\src\hotspot\share\interpreter\linkResolver.cpp, line 773]
Event: 2.529 Thread 0x0000008000148d10 Exception <a 'java/lang/NoSuchMethodError'{0x00000000cbe19890}: 'void java.lang.invoke.DirectMethodHandle$Holder.invokeStatic(java.lang.Object, java.lang.Object)'> (0x00000000cbe19890) 
thrown [s\src\hotspot\share\interpreter\linkResolver.cpp, line 773]
Event: 7.466 Thread 0x0000008000148d10 Exception <a 'java/lang/NoSuchMethodError'{0x00000000cc5d7f18}: 'void java.lang.invoke.DirectMethodHandle$Holder.invokeSpecial(java.lang.Object, java.lang.Object, java.lang.Object)'> (0x00000000cc5d7f18) 
thrown [s\src\hotspot\share\interpreter\linkResolver.cpp, line 773]
Event: 7.607 Thread 0x0000008000148d10 Exception <a 'java/lang/NoSuchMethodError'{0x00000000cc414ef8}: 'void java.lang.invoke.DirectMethodHandle$Holder.invokeStatic(java.lang.Object, java.lang.Object, java.lang.Object)'> (0x00000000cc414ef8) 
thrown [s\src\hotspot\share\interpreter\linkResolver.cpp, line 773]
Event: 10.562 Thread 0x0000008000148d10 Exception <a 'java/lang/NoSuchMethodError'{0x00000000cc4b5628}: 'int java.lang.invoke.DirectMethodHandle$Holder.invokeStaticInit(java.lang.Object, java.lang.Object, java.lang.Object)'> (0x00000000cc4b5628) 
thrown [s\src\hotspot\share\interpreter\linkResolver.cpp, line 773]

ZGC Phase Switch (0 events):
No events

VM Operations (20 events):
Event: 2.926 Executing VM operation: Cleanup
Event: 2.926 Executing VM operation: Cleanup done
Event: 3.931 Executing VM operation: Cleanup
Event: 3.947 Executing VM operation: Cleanup done
Event: 4.950 Executing VM operation: Cleanup
Event: 4.950 Executing VM operation: Cleanup done
Event: 5.954 Executing VM operation: Cleanup
Event: 5.954 Executing VM operation: Cleanup done
Event: 6.958 Executing VM operation: Cleanup
Event: 6.990 Executing VM operation: Cleanup done
Event: 7.012 Executing VM operation: G1CollectForAllocation (G1 Evacuation Pause)
Event: 7.429 Executing VM operation: G1CollectForAllocation (G1 Evacuation Pause) done
Event: 8.431 Executing VM operation: Cleanup
Event: 8.433 Executing VM operation: Cleanup done
Event: 10.746 Executing VM operation: HandshakeAllThreads (Deoptimize)
Event: 10.747 Executing VM operation: HandshakeAllThreads (Deoptimize) done
Event: 10.747 Executing VM operation: Cleanup
Event: 10.747 Executing VM operation: Cleanup done
Event: 11.752 Executing VM operation: Cleanup
Event: 11.752 Executing VM operation: Cleanup done

Memory protections (0 events):
No events

Nmethod flushes (0 events):
No events

Events (12 events):
Event: 0.366 Thread 0x0000008000148d10 Thread added: 0x0000008000148d10
Event: 0.515 Thread 0x0000008000148d10 Thread added: 0x0000008013366720
Event: 0.517 Thread 0x0000008000148d10 Thread added: 0x0000008013369ea0
Event: 0.530 Thread 0x0000008000148d10 Thread added: 0x000000801336c140
Event: 0.531 Thread 0x0000008000148d10 Thread added: 0x000000801336cb90
Event: 0.541 Thread 0x0000008000148d10 Thread added: 0x00000080133705e0
Event: 0.541 Thread 0x0000008000148d10 Thread added: 0x0000008013371030
Event: 0.547 Thread 0x0000008000148d10 Thread added: 0x0000008013371db0
Event: 0.556 Thread 0x0000008000148d10 Thread added: 0x0000008013374fa0
Event: 1.176 Thread 0x0000008000148d10 Thread added: 0x000000801333cf10
Event: 2.001 Thread 0x0000008000148d10 Thread added: 0x0000008059836c50
Event: 7.609 Thread 0x0000008000148d10 Thread added: 0x00000080597290d0


Dynamic libraries:
0x00007ff69c100000 - 0x00007ff69c10e000 	C:\Users\acer\AppData\Roaming\Code\User\globalStorage\pleiades.java-extension-pack-jdk\java\21\bin\java.exe
0x00007ffd42ff0000 - 0x00007ffd43245000 	C:\WINDOWS\SYSTEM32\ntdll.dll
0x00007ffd41430000 - 0x00007ffd414f8000 	C:\WINDOWS\System32\KERNEL32.DLL
0x00007ffd40580000 - 0x00007ffd4094c000 	C:\WINDOWS\System32\KERNELBASE.dll
0x00007ffd3d330000 - 0x00007ffd3d3d0000 	C:\WINDOWS\SYSTEM32\apphelp.dll
0x00007ffd40c10000 - 0x00007ffd40d5e000 	C:\WINDOWS\System32\ucrtbase.dll
0x00007ffd37f90000 - 0x00007ffd37fa8000 	C:\Users\acer\AppData\Roaming\Code\User\globalStorage\pleiades.java-extension-pack-jdk\java\21\bin\jli.dll
0x00007ffd42de0000 - 0x00007ffd42fac000 	C:\WINDOWS\System32\USER32.dll
0x00007ffd40360000 - 0x00007ffd40387000 	C:\WINDOWS\System32\win32u.dll
0x00007ffd413f0000 - 0x00007ffd41423000 	C:\WINDOWS\System32\GDI32.dll
0x00007ffd400c0000 - 0x00007ffd401ed000 	C:\WINDOWS\System32\gdi32full.dll
0x00007ffd40400000 - 0x00007ffd404a3000 	C:\WINDOWS\System32\msvcp_win.dll
0x00007ffd42ad0000 - 0x00007ffd42b76000 	C:\WINDOWS\System32\sechost.dll
0x00007ffd37f70000 - 0x00007ffd37f8e000 	C:\Users\acer\AppData\Roaming\Code\User\globalStorage\pleiades.java-extension-pack-jdk\java\21\bin\VCRUNTIME140.dll
0x00007ffd2e5a0000 - 0x00007ffd2e831000 	C:\WINDOWS\WinSxS\amd64_microsoft.windows.common-controls_6595b64144ccf1df_6.0.27802.1000_none_1494f7dfa049b3e0\COMCTL32.dll
0x00007ffd421d0000 - 0x00007ffd42279000 	C:\WINDOWS\System32\msvcrt.dll
0x00007ffd41500000 - 0x00007ffd4152f000 	C:\WINDOWS\System32\IMM32.DLL
0x00007ffd37f60000 - 0x00007ffd37f6c000 	C:\Users\acer\AppData\Roaming\Code\User\globalStorage\pleiades.java-extension-pack-jdk\java\21\bin\vcruntime140_1.dll
0x00007ffcfd000000 - 0x00007ffcfd08d000 	C:\Users\acer\AppData\Roaming\Code\User\globalStorage\pleiades.java-extension-pack-jdk\java\21\bin\msvcp140.dll
0x00007ffcc5410000 - 0x00007ffcc61a0000 	C:\Users\acer\AppData\Roaming\Code\User\globalStorage\pleiades.java-extension-pack-jdk\java\21\bin\server\jvm.dll
0x00007ffd42d00000 - 0x00007ffd42db3000 	C:\WINDOWS\System32\ADVAPI32.dll
0x00007ffd40d80000 - 0x00007ffd40e91000 	C:\WINDOWS\System32\RPCRT4.dll
0x00007ffd42c00000 - 0x00007ffd42c75000 	C:\WINDOWS\System32\WS2_32.dll
0x00007ffd3ff50000 - 0x00007ffd3ffad000 	C:\WINDOWS\SYSTEM32\POWRPROF.dll
0x00007ffd39fc0000 - 0x00007ffd39ff6000 	C:\WINDOWS\SYSTEM32\WINMM.dll
0x00007ffd3a000000 - 0x00007ffd3a00b000 	C:\WINDOWS\SYSTEM32\VERSION.dll
0x00007ffd3ff30000 - 0x00007ffd3ff44000 	C:\WINDOWS\SYSTEM32\UMPDC.dll
0x00007ffd3ef40000 - 0x00007ffd3ef5a000 	C:\WINDOWS\SYSTEM32\kernel.appcore.dll
0x00007ffd37f50000 - 0x00007ffd37f5a000 	C:\Users\acer\AppData\Roaming\Code\User\globalStorage\pleiades.java-extension-pack-jdk\java\21\bin\jimage.dll
0x00007ffd33480000 - 0x00007ffd33750000 	C:\WINDOWS\SYSTEM32\DBGHELP.DLL
0x00007ffd41e40000 - 0x00007ffd421be000 	C:\WINDOWS\System32\combase.dll
0x00007ffd42280000 - 0x00007ffd42356000 	C:\WINDOWS\System32\OLEAUT32.dll
0x00007ffd05800000 - 0x00007ffd05839000 	C:\WINDOWS\SYSTEM32\dbgcore.DLL
0x00007ffd404b0000 - 0x00007ffd40542000 	C:\WINDOWS\System32\bcryptPrimitives.dll
0x00007ffd11ae0000 - 0x00007ffd11aff000 	C:\Users\acer\AppData\Roaming\Code\User\globalStorage\pleiades.java-extension-pack-jdk\java\21\bin\java.dll
0x00007ffd42360000 - 0x00007ffd42a7d000 	C:\WINDOWS\System32\SHELL32.dll
0x00007ffd401f0000 - 0x00007ffd4035a000 	C:\WINDOWS\System32\wintypes.dll
0x00007ffd3dde0000 - 0x00007ffd3e632000 	C:\WINDOWS\SYSTEM32\windows.storage.dll
0x00007ffd41b10000 - 0x00007ffd41bfd000 	C:\WINDOWS\System32\SHCORE.dll
0x00007ffd40eb0000 - 0x00007ffd40f0d000 	C:\WINDOWS\System32\shlwapi.dll
0x00007ffd3ffd0000 - 0x00007ffd3fffe000 	C:\WINDOWS\SYSTEM32\profapi.dll
0x00007ffcf8a70000 - 0x00007ffcf8b47000 	C:\Users\acer\AppData\Roaming\Code\User\globalStorage\pleiades.java-extension-pack-jdk\java\21\bin\jsvml.dll
0x00007ffd12940000 - 0x00007ffd12950000 	C:\Users\acer\AppData\Roaming\Code\User\globalStorage\pleiades.java-extension-pack-jdk\java\21\bin\net.dll
0x00007ffd36070000 - 0x00007ffd3618d000 	C:\WINDOWS\SYSTEM32\WINHTTP.dll
0x00007ffd40390000 - 0x00007ffd403f8000 	C:\WINDOWS\System32\mswsock.dll
0x00007ffd11aa0000 - 0x00007ffd11ab6000 	C:\Users\acer\AppData\Roaming\Code\User\globalStorage\pleiades.java-extension-pack-jdk\java\21\bin\nio.dll
0x00007ffd11ac0000 - 0x00007ffd11ad8000 	C:\Users\acer\AppData\Roaming\Code\User\globalStorage\pleiades.java-extension-pack-jdk\java\21\bin\zip.dll
0x0000019f9bb30000 - 0x0000019f9bb33000 	C:\Users\acer\.openjfx\cache\17\api-ms-win-core-console-l1-1-0.dll
0x0000019f9bb40000 - 0x0000019f9bb43000 	C:\Users\acer\.openjfx\cache\17\api-ms-win-core-console-l1-2-0.dll
0x0000019f9bb50000 - 0x0000019f9bb53000 	C:\Users\acer\.openjfx\cache\17\api-ms-win-core-datetime-l1-1-0.dll
0x0000019f9bb60000 - 0x0000019f9bb63000 	C:\Users\acer\.openjfx\cache\17\api-ms-win-core-debug-l1-1-0.dll
0x0000019f9bb70000 - 0x0000019f9bb73000 	C:\Users\acer\.openjfx\cache\17\api-ms-win-core-errorhandling-l1-1-0.dll
0x0000019f9bb80000 - 0x0000019f9bb84000 	C:\Users\acer\.openjfx\cache\17\api-ms-win-core-file-l1-1-0.dll
0x0000019f9bb90000 - 0x0000019f9bb93000 	C:\Users\acer\.openjfx\cache\17\api-ms-win-core-file-l1-2-0.dll
0x0000019f9bba0000 - 0x0000019f9bba3000 	C:\Users\acer\.openjfx\cache\17\api-ms-win-core-file-l2-1-0.dll
0x0000019f9bbb0000 - 0x0000019f9bbb3000 	C:\Users\acer\.openjfx\cache\17\api-ms-win-core-handle-l1-1-0.dll
0x0000019f9bbc0000 - 0x0000019f9bbc3000 	C:\Users\acer\.openjfx\cache\17\api-ms-win-core-heap-l1-1-0.dll
0x0000019f9bbd0000 - 0x0000019f9bbd3000 	C:\Users\acer\.openjfx\cache\17\api-ms-win-core-interlocked-l1-1-0.dll
0x0000019f9bbe0000 - 0x0000019f9bbe3000 	C:\Users\acer\.openjfx\cache\17\api-ms-win-core-libraryloader-l1-1-0.dll
0x0000019f9bbf0000 - 0x0000019f9bbf3000 	C:\Users\acer\.openjfx\cache\17\api-ms-win-core-localization-l1-2-0.dll
0x0000019f9bc00000 - 0x0000019f9bc03000 	C:\Users\acer\.openjfx\cache\17\api-ms-win-core-memory-l1-1-0.dll
0x0000019f9bc10000 - 0x0000019f9bc13000 	C:\Users\acer\.openjfx\cache\17\api-ms-win-core-namedpipe-l1-1-0.dll
0x0000019f9bc20000 - 0x0000019f9bc23000 	C:\Users\acer\.openjfx\cache\17\api-ms-win-core-processenvironment-l1-1-0.dll
0x0000019f9bc30000 - 0x0000019f9bc33000 	C:\Users\acer\.openjfx\cache\17\api-ms-win-core-processthreads-l1-1-0.dll
0x0000019f9bc40000 - 0x0000019f9bc43000 	C:\Users\acer\.openjfx\cache\17\api-ms-win-core-processthreads-l1-1-1.dll
0x0000019f9bc50000 - 0x0000019f9bc53000 	C:\Users\acer\.openjfx\cache\17\api-ms-win-core-profile-l1-1-0.dll
0x0000019f9bc60000 - 0x0000019f9bc63000 	C:\Users\acer\.openjfx\cache\17\api-ms-win-core-rtlsupport-l1-1-0.dll
0x0000019f9bc70000 - 0x0000019f9bc73000 	C:\Users\acer\.openjfx\cache\17\api-ms-win-core-string-l1-1-0.dll
0x0000019f9bc80000 - 0x0000019f9bc83000 	C:\Users\acer\.openjfx\cache\17\api-ms-win-core-synch-l1-1-0.dll
0x0000019f9bc90000 - 0x0000019f9bc93000 	C:\Users\acer\.openjfx\cache\17\api-ms-win-core-synch-l1-2-0.dll
0x0000019f9bca0000 - 0x0000019f9bca3000 	C:\Users\acer\.openjfx\cache\17\api-ms-win-core-sysinfo-l1-1-0.dll
0x0000019f9bcb0000 - 0x0000019f9bcb3000 	C:\Users\acer\.openjfx\cache\17\api-ms-win-core-timezone-l1-1-0.dll
0x0000019f9bcc0000 - 0x0000019f9bcc3000 	C:\Users\acer\.openjfx\cache\17\api-ms-win-core-util-l1-1-0.dll
0x0000019f9bcd0000 - 0x0000019f9bcd3000 	C:\Users\acer\.openjfx\cache\17\api-ms-win-crt-conio-l1-1-0.dll
0x0000019f9bce0000 - 0x0000019f9bce4000 	C:\Users\acer\.openjfx\cache\17\api-ms-win-crt-convert-l1-1-0.dll
0x0000019f9bcf0000 - 0x0000019f9bcf3000 	C:\Users\acer\.openjfx\cache\17\api-ms-win-crt-environment-l1-1-0.dll
0x0000019f9bd00000 - 0x0000019f9bd03000 	C:\Users\acer\.openjfx\cache\17\api-ms-win-crt-filesystem-l1-1-0.dll
0x0000019f9bd10000 - 0x0000019f9bd13000 	C:\Users\acer\.openjfx\cache\17\api-ms-win-crt-heap-l1-1-0.dll
0x0000019f9bd20000 - 0x0000019f9bd23000 	C:\Users\acer\.openjfx\cache\17\api-ms-win-crt-locale-l1-1-0.dll
0x0000019f9bd30000 - 0x0000019f9bd35000 	C:\Users\acer\.openjfx\cache\17\api-ms-win-crt-math-l1-1-0.dll
0x0000019f9bd40000 - 0x0000019f9bd45000 	C:\Users\acer\.openjfx\cache\17\api-ms-win-crt-multibyte-l1-1-0.dll
0x0000019f9bd50000 - 0x0000019f9bd60000 	C:\Users\acer\.openjfx\cache\17\api-ms-win-crt-private-l1-1-0.dll
0x0000019f9bd60000 - 0x0000019f9bd63000 	C:\Users\acer\.openjfx\cache\17\api-ms-win-crt-process-l1-1-0.dll
0x0000019f9bd70000 - 0x0000019f9bd74000 	C:\Users\acer\.openjfx\cache\17\api-ms-win-crt-runtime-l1-1-0.dll
0x0000019f9bd80000 - 0x0000019f9bd84000 	C:\Users\acer\.openjfx\cache\17\api-ms-win-crt-stdio-l1-1-0.dll
0x0000019f9bd90000 - 0x0000019f9bd94000 	C:\Users\acer\.openjfx\cache\17\api-ms-win-crt-string-l1-1-0.dll
0x0000019f9bda0000 - 0x0000019f9bda3000 	C:\Users\acer\.openjfx\cache\17\api-ms-win-crt-time-l1-1-0.dll
0x0000019f9bdb0000 - 0x0000019f9bdb3000 	C:\Users\acer\.openjfx\cache\17\api-ms-win-crt-utility-l1-1-0.dll
0x00007ffd0e940000 - 0x00007ffd0ea3c000 	C:\Users\acer\.openjfx\cache\17\ucrtbase.dll
0x00007ffd24500000 - 0x00007ffd2451a000 	C:\Users\acer\.openjfx\cache\17\vcruntime140.dll
0x00007ffd25620000 - 0x00007ffd2562c000 	C:\Users\acer\.openjfx\cache\17\vcruntime140_1.dll
0x00007ffd1a920000 - 0x00007ffd1a9ad000 	C:\Users\acer\.openjfx\cache\17\msvcp140.dll
0x00007ffd1b210000 - 0x00007ffd1b23a000 	C:\Users\acer\.openjfx\cache\17\prism_d3d.dll
0x00007ffce2240000 - 0x00007ffce23ee000 	C:\WINDOWS\system32\d3d9.dll
0x00007ffd3d950000 - 0x00007ffd3d986000 	C:\WINDOWS\SYSTEM32\dwmapi.dll
0x00007ffd3d540000 - 0x00007ffd3d588000 	C:\WINDOWS\SYSTEM32\dxcore.dll
0x00007ffd3d440000 - 0x00007ffd3d4ee000 	C:\WINDOWS\system32\uxtheme.dll
0x00007ffd3a010000 - 0x00007ffd3a1eb000 	C:\WINDOWS\System32\DriverStore\FileRepository\u0364341.inf_amd64_c22b73fb0c3a32d3\B364190\aticfx64.dll
0x00007ffcfac40000 - 0x00007ffcfac73000 	C:\WINDOWS\System32\DriverStore\FileRepository\u0364341.inf_amd64_c22b73fb0c3a32d3\B364190\atiu9p64.dll
0x00007ffc94dc0000 - 0x00007ffc95a56000 	C:\WINDOWS\System32\DriverStore\FileRepository\u0364341.inf_amd64_c22b73fb0c3a32d3\B364190\atiumd64.dll
0x00007ffd40fb0000 - 0x00007ffd41145000 	C:\WINDOWS\System32\ole32.dll
0x00007ffd38530000 - 0x00007ffd3855f000 	C:\WINDOWS\SYSTEM32\amdihk64.dll
0x00007ffd3d790000 - 0x00007ffd3d7ed000 	C:\WINDOWS\SYSTEM32\directxdatabasehelper.dll
0x00007ffd0e270000 - 0x00007ffd0e2b2000 	C:\Users\acer\.openjfx\cache\17\glass.dll
0x00007ffd41180000 - 0x00007ffd41272000 	C:\WINDOWS\System32\COMDLG32.dll

dbghelp: loaded successfully - version: 4.0.5 - missing functions: none
symbol engine: initialized successfully - sym options: 0x614 - pdb path: .;C:\Users\acer\AppData\Roaming\Code\User\globalStorage\pleiades.java-extension-pack-jdk\java\21\bin;C:\WINDOWS\SYSTEM32;C:\WINDOWS\WinSxS\amd64_microsoft.windows.common-controls_6595b64144ccf1df_6.0.27802.1000_none_1494f7dfa049b3e0;C:\Users\acer\AppData\Roaming\Code\User\globalStorage\pleiades.java-extension-pack-jdk\java\21\bin\server;C:\Users\acer\.openjfx\cache\17;C:\WINDOWS\System32\DriverStore\FileRepository\u0364341.inf_amd64_c22b73fb0c3a32d3\B364190

VM Arguments:
jvm_args: -Dstdout.encoding=UTF-8 -Dstderr.encoding=UTF-8 --add-modules=javafx.controls,javafx.fxml --module-path=path/to/javafx-sdk-17/lib --add-modules=javafx.controls,javafx.fxml --module-path=C:\Users\acer\.gradle\caches\modules-2\files-2.1\org.openjfx\javafx-fxml\17\8d79ed85fa9dde644d4b37d93a02a2ef2818769\javafx-fxml-17-win.jar;C:\Users\acer\.gradle\caches\modules-2\files-2.1\org.openjfx\javafx-controls\17\efc0f4edde079c22987064922530c67fa1350a9b\javafx-controls-17-win.jar;C:\Users\acer\.gradle\caches\modules-2\files-2.1\org.openjfx\javafx-graphics\17\2c56d252b97eba8b42f049c6ce145172d744ce08\javafx-graphics-17-win.jar;C:\Users\acer\.gradle\caches\modules-2\files-2.1\org.openjfx\javafx-base\17\b63b9696f73009ca5002f49ec4db73576e2de168\javafx-base-17-win.jar -Dfile.encoding=UTF-8 -Duser.country=US -Duser.language=en -Duser.variant 
java_command: com.zakatfitrah.App
java_class_path (initial): D:\Java\zakat-fitrah-app\build\classes\java\main;D:\Java\zakat-fitrah-app\build\resources\main;C:\Users\acer\.gradle\caches\modules-2\files-2.1\org.xerial\sqlite-jdbc\3.36.0.3\7fa71c4dfab806490cb909714fb41373ec552c29\sqlite-jdbc-3.36.0.3.jar
Launcher Type: SUN_STANDARD

[Global flags]
     intx CICompilerCount                          = 3                                         {product} {ergonomic}
     uint ConcGCThreads                            = 1                                         {product} {ergonomic}
     uint G1ConcRefinementThreads                  = 4                                         {product} {ergonomic}
   size_t G1HeapRegionSize                         = 1048576                                   {product} {ergonomic}
    uintx GCDrainStackTargetSize                   = 64                                        {product} {ergonomic}
   size_t InitialHeapSize                          = 58720256                                  {product} {ergonomic}
   size_t MarkStackSize                            = 4194304                                   {product} {ergonomic}
   size_t MaxHeapSize                              = 924844032                                 {product} {ergonomic}
   size_t MaxNewSize                               = 554696704                                 {product} {ergonomic}
   size_t MinHeapDeltaBytes                        = 1048576                                   {product} {ergonomic}
   size_t MinHeapSize                              = 8388608                                   {product} {ergonomic}
    uintx NonNMethodCodeHeapSize                   = 5832780                                {pd product} {ergonomic}
    uintx NonProfiledCodeHeapSize                  = 122912730                              {pd product} {ergonomic}
    uintx ProfiledCodeHeapSize                     = 122912730                              {pd product} {ergonomic}
    uintx ReservedCodeCacheSize                    = 251658240                              {pd product} {ergonomic}
     bool SegmentedCodeCache                       = true                                      {product} {ergonomic}
   size_t SoftMaxHeapSize                          = 924844032                              {manageable} {ergonomic}
     bool UseCompressedOops                        = true                           {product lp64_product} {ergonomic}
     bool UseG1GC                                  = true                                      {product} {ergonomic}
     bool UseLargePagesIndividualAllocation        = false                                  {pd product} {ergonomic}

Logging:
Log output configuration:
 #0: stdout all=warning uptime,level,tags foldmultilines=false
 #1: stderr all=off uptime,level,tags foldmultilines=false

Environment Variables:
JAVA_HOME=C:\Users\acer\AppData\Roaming\Code\User\globalStorage\pleiades.java-extension-pack-jdk\java\21
JAVA_TOOL_OPTIONS=-Dstdout.encoding=UTF-8 -Dstderr.encoding=UTF-8
PATH=C:\Users\acer\AppData\Roaming\Code\User\globalStorage\pleiades.java-extension-pack-jdk\gradle\latest\bin;C:\Users\acer\AppData\Roaming\Code\User\globalStorage\pleiades.java-extension-pack-jdk\maven\latest\bin;C:\Users\acer\AppData\Roaming\Code\User\globalStorage\pleiades.java-extension-pack-jdk\java\21\bin;C:\Users\acer\bin;C:\Program Files\Git\mingw64\bin;C:\Program Files\Git\usr\local\bin;C:\Program Files\Git\usr\bin;C:\Program Files\Git\usr\bin;C:\Program Files\Git\mingw64\bin;C:\Program Files\Git\usr\bin;C:\Users\acer\bin;C:\xampp;C:\WINDOWS\system32;C:\WINDOWS;C:\WINDOWS\System32\Wbem;C:\WINDOWS\System32\WindowsPowerShell\v1.0;C:\WINDOWS\System32\OpenSSH;C:\laragon\bin\php\php-8.3.13-Win32-vs16-x64;C:\ProgramData\ComposerSetup\bin;C:\Program Files\Git\cmd;C:\Program Files\Microsoft VS Code\bin;C:\Users\acer\AppData\Local\nvm;C:\nvm4w\nodejs;C:\Program Files\nodejs;C:\Program Files\Java\jdk-17\bin;D:\GO\bin;C:\laragon\bin;C:\laragon\bin\apache\httpd-2.4.54-win64-VS16\bin;C:\laragon\bin\composer;C:\laragon\bin\git\bin;C:\laragon\bin\git\cmd;C:\laragon\bin\git\mingw64\bin;C:\laragon\bin\git\usr\bin;C:\laragon\bin\laragon\utils;C:\laragon\bin\mysql\mysql-8.0.30-winx64\bin;C:\laragon\bin\nginx\nginx-1.22.0;C:\laragon\bin\ngrok;C:\laragon\bin\nodejs\node-v20.18.0-win-x64;C:\laragon\bin\notepad++;C:\laragon\bin\php\php-8.3.13-Win32-vs16-x64;C:\laragon\bin\python\python-3.10;C:\laragon\bin\python\python-3.10\Scripts;C:\laragon\bin\redis\redis-x64-5.0.14.1;C:\laragon\bin\telnet;C:\laragon\usr\bin;C:\Users\acer\AppData\Local\Yarn\config\global\node_modules\.bin;C:\Users\acer\AppData\Roaming\Composer\vendor\bin;C:\Users\acer\AppData\Roaming\npm;C:\Users\acer\AppData\Local\Microsoft\WindowsApps;C:\Program Files\Microsoft VS Code\bin;C:\Users\acer\AppData\Local\nvm;D:\download-zip\flutter_windows_3.29.2-stable\flutter\bin;D:\android-sdk\cmdline-tools\latest\bin;D:\android-sdk;C:\Program Files\Java\jdk-17\bin;D:\Microsoft VS Code\bin;C:\Users\acer\go\bin;D:\GO\bin;D:\gradle\gradle-7.3.3\bin;C:\Program Files\Git\usr\bin\vendor_perl;C:\Program Files\Git\usr\bin\core_perl
USERNAME=acer
SHELL=C:\Program Files\Git\usr\bin\bash.exe
DISPLAY=needs-to-be-defined
LANG=en_US.UTF-8
LC_CTYPE=en_US.UTF-8
TERM=xterm
TMPDIR=C:\Users\acer\AppData\Local\Temp
OS=Windows_NT
PROCESSOR_IDENTIFIER=AMD64 Family 23 Model 24 Stepping 1, AuthenticAMD
TMP=C:\Users\acer\AppData\Local\Temp
TEMP=C:\Users\acer\AppData\Local\Temp




Periodic native trim disabled

---------------  S Y S T E M  ---------------

OS:
 Windows 11 , 64 bit Build 27802 (10.0.27802.1000)
OS uptime: 9 days 6:58 hours
Hyper-V role detected

CPU: total 4 (initial active 4) (4 cores per cpu, 2 threads per core) family 23 model 24 stepping 1 microcode 0x8108109, cx8, cmov, fxsr, ht, mmx, 3dnowpref, sse, sse2, sse3, ssse3, sse4a, sse4.1, sse4.2, popcnt, lzcnt, tsc, tscinvbit, avx, avx2, aes, clmul, bmi1, bmi2, adx, sha, fma, vzeroupper, clflush, clflushopt, hv, rdtscp, f16c
Processor Information for the first 4 processors :
  Max Mhz: 2600, Current Mhz: 2600, Mhz Limit: 2600

Memory: 4k page, system-wide physical 3521M (521M free)
TotalPageFile size 14273M (AvailPageFile size 7M)
current process WorkingSet (physical memory assigned to process): 56M, peak: 65M
current process commit charge ("private bytes"): 135M, peak: 141M

vm_info: OpenJDK 64-Bit Server VM (21.0.7+6-LTS) for windows-amd64 JRE (21.0.7+6-LTS), built on 2025-04-15T00:00:00Z by "admin" with MS VC++ 17.7 (VS2022)

END.
